Processing  2013-02-05_www.liberation.fr_3316fde73157c0ba1eb0306bbd25751ec81ba073
	Total of opinions with different scope in the tag file: 2
	Total of skipped opinions: 0
	Total of opinion triples generated: 2
	Total of sentences in the tag file 22
	Total of sentences with annotated opinions 2
Processing  2013-09-20_www.levif.be_4913551263ea35a22de48b5830ffc524317dfa2c
	Discarded  	/home/izquierdo/data/opinion_annotations_fr/tag/news/2013-09-20_www.levif.be_4913551263ea35a22de48b5830ffc524317dfa2c.tag opinion id:20

	Total of opinions with different scope in the tag file: 5
	Total of skipped opinions: 1
	Total of opinion triples generated: 4
	Total of sentences in the tag file 54
	Total of sentences with annotated opinions 4
Processing  2014-02-06_news.fr.msn.com_59055aed90ab2691030652aaee1efd5d28edfcb0
	Total of opinions with different scope in the tag file: 1
	Total of skipped opinions: 0
	Total of opinion triples generated: 0
	Total of sentences in the tag file 28
	Total of sentences with annotated opinions 0
Processing  2013-10-25_www.lejdd.fr_92ed641f501547594088593bfa666f0c3edd1a9a
	Total of opinions with different scope in the tag file: 2
	Total of skipped opinions: 0
	Total of opinion triples generated: 2
	Total of sentences in the tag file 25
	Total of sentences with annotated opinions 2
Processing  2013-07-02_tempsreel.nouvelobs.com_11bfe7831a4d7427b0ca7429d51c31821ccc7ea5
	Total of opinions with different scope in the tag file: 1
	Total of skipped opinions: 0
	Total of opinion triples generated: 0
	Total of sentences in the tag file 44
	Total of sentences with annotated opinions 0
Processing  2013-04-29_www.lexpress.fr_d7f3e672d4da593fc0f26e901397e77a6eebd6dd
	Total of opinions with different scope in the tag file: 1
	Total of skipped opinions: 0
	Total of opinion triples generated: 1
	Total of sentences in the tag file 18
	Total of sentences with annotated opinions 1
Processing  2013-04-08_www.nicematin.com_09049a18e7e74e6b2944840c867d1090b3b90f45
	Discarded  	/home/izquierdo/data/opinion_annotations_fr/tag/news/2013-04-08_www.nicematin.com_09049a18e7e74e6b2944840c867d1090b3b90f45.tag opinion id:7

	Total of opinions with different scope in the tag file: 3
	Total of skipped opinions: 1
	Total of opinion triples generated: 2
	Total of sentences in the tag file 48
	Total of sentences with annotated opinions 2
Processing  2013-02-22_www.euractiv.fr_d133a1c537583fac370e4b7dd79a8d8e27b22a9e
	Total of opinions with different scope in the tag file: 2
	Total of skipped opinions: 0
	Total of opinion triples generated: 1
	Total of sentences in the tag file 49
	Total of sentences with annotated opinions 1
Processing  2013-10-02_www.lemonde.fr_33c002bc39602f372351c4f330178076e3095145
	Total of opinions with different scope in the tag file: 3
	Total of skipped opinions: 0
	Total of opinion triples generated: 3
	Total of sentences in the tag file 35
	Total of sentences with annotated opinions 3
Processing  2013-04-27_www.lematin.ch_47929dcea6b5b1a02ed93aba2e0f9b22c12c6428
	Total of opinions with different scope in the tag file: 2
	Total of skipped opinions: 0
	Total of opinion triples generated: 2
	Total of sentences in the tag file 20
	Total of sentences with annotated opinions 2
Processing  2013-05-18_www.ouest-france.fr_60d75a85e9e064d1e60e8527d29c7fda8a74fa44
	Total of opinions with different scope in the tag file: 0
	Total of skipped opinions: 0
	Total of opinion triples generated: 0
	Total of sentences in the tag file 11
	Total of sentences with annotated opinions 0
Processing  2014-02-10_www.lematin.ch_26e7d24e18baed1d6018dd2dd0ee9c71b087a2cd
	Total of opinions with different scope in the tag file: 4
	Total of skipped opinions: 0
	Total of opinion triples generated: 3
	Total of sentences in the tag file 42
	Total of sentences with annotated opinions 3
Processing  2013-12-22_lci.tf1.fr_443e2de1b95c92ee5383d4f835fda94d0b386fb5
	Total of opinions with different scope in the tag file: 2
	Total of skipped opinions: 0
	Total of opinion triples generated: 1
	Total of sentences in the tag file 24
	Total of sentences with annotated opinions 1
Processing  2013-08-16_www.lapresse.ca_d71db457ff9d306b18b7813384c99da4439dc29d
	Total of opinions with different scope in the tag file: 0
	Total of skipped opinions: 0
	Total of opinion triples generated: 0
	Total of sentences in the tag file 35
	Total of sentences with annotated opinions 0
Processing  2013-03-07_www.bienpublic.com_04ee042be0f3414955bab49db43ba95809b58efc
	Total of opinions with different scope in the tag file: 1
	Total of skipped opinions: 0
	Total of opinion triples generated: 0
	Total of sentences in the tag file 19
	Total of sentences with annotated opinions 0
Processing  2014-01-24_lci.tf1.fr_7e66d0c11c80e5c6891b48b8008d6a3541efda8d
	Total of opinions with different scope in the tag file: 4
	Total of skipped opinions: 0
	Total of opinion triples generated: 1
	Total of sentences in the tag file 30
	Total of sentences with annotated opinions 1
Processing  2013-03-14_www.leparisien.fr_7e3e5395b049ee0b5c67f2c96cd5bd143eb2242c
	Total of opinions with different scope in the tag file: 2
	Total of skipped opinions: 0
	Total of opinion triples generated: 1
	Total of sentences in the tag file 53
	Total of sentences with annotated opinions 1
Processing  2013-04-26_www.lemonde.fr_098863c5638a64a4b2f9bcef96f9b0594d88e875
	Total of opinions with different scope in the tag file: 1
	Total of skipped opinions: 0
	Total of opinion triples generated: 1
	Total of sentences in the tag file 19
	Total of sentences with annotated opinions 1
Processing  2013-09-23_fr.euronews.com_acf6597baa7d417dd6bd70adf2d05ffa9252c18a
	Total of opinions with different scope in the tag file: 1
	Total of skipped opinions: 0
	Total of opinion triples generated: 1
	Total of sentences in the tag file 83
	Total of sentences with annotated opinions 1
Processing  2013-02-26_www.lematin.ch_5e2bc1e152c4f5abee5c25061eed9d42471207eb
	Total of opinions with different scope in the tag file: 5
	Total of skipped opinions: 0
	Total of opinion triples generated: 5
	Total of sentences in the tag file 49
	Total of sentences with annotated opinions 5
Processing  2013-04-09_www.lexpress.fr_469a9e38140ebe32a411d982275ebd375999b4bd
	Total of opinions with different scope in the tag file: 3
	Total of skipped opinions: 0
	Total of opinion triples generated: 3
	Total of sentences in the tag file 45
	Total of sentences with annotated opinions 3
Processing  2013-11-21_www.charentelibre.fr_a6a55b3202256c52b23a65fb4abacf60b5228d4c
	Total of opinions with different scope in the tag file: 1
	Total of skipped opinions: 0
	Total of opinion triples generated: 0
	Total of sentences in the tag file 13
	Total of sentences with annotated opinions 0
Processing  2013-05-01_www.lematin.ch_1c3e7d70a202df8a819eccc1e99294d20f064fce
	Total of opinions with different scope in the tag file: 1
	Total of skipped opinions: 0
	Total of opinion triples generated: 1
	Total of sentences in the tag file 36
	Total of sentences with annotated opinions 1
Processing  2013-09-20_www.leconomiste.com_c8bb333b9bfd2507b41b085024222e63fdba8a4a
	Total of opinions with different scope in the tag file: 3
	Total of skipped opinions: 0
	Total of opinion triples generated: 1
	Total of sentences in the tag file 49
	Total of sentences with annotated opinions 1
Processing  2013-04-14_affaires.lapresse.ca_bbabed7d94b5e82ec4b6908f9c3973ae5b880857
	Total of opinions with different scope in the tag file: 3
	Total of skipped opinions: 0
	Total of opinion triples generated: 3
	Total of sentences in the tag file 23
	Total of sentences with annotated opinions 1
Processing  2013-12-17_bourse.lesechos.fr_38cf20d351a006304fc8d92a95c6564ca1c2922c
	Total of opinions with different scope in the tag file: 1
	Total of skipped opinions: 0
	Total of opinion triples generated: 1
	Total of sentences in the tag file 56
	Total of sentences with annotated opinions 1
Processing  2013-04-27_www.rtbf.be_249808edf9fc6867655da7c94d872568f8d4fc17
	Total of opinions with different scope in the tag file: 2
	Total of skipped opinions: 0
	Total of opinion triples generated: 2
	Total of sentences in the tag file 18
	Total of sentences with annotated opinions 2
Processing  2013-02-27_www.liberation.fr_d397aaacd6f21dadbc04e3e4f8f5a04b5a25c955
	Total of opinions with different scope in the tag file: 3
	Total of skipped opinions: 0
	Total of opinion triples generated: 3
	Total of sentences in the tag file 49
	Total of sentences with annotated opinions 3
Processing  2013-09-21_fr.euronews.com_9d70fdcf8a89c92162ee0ffb3154836a1feeccb7
	Total of opinions with different scope in the tag file: 2
	Total of skipped opinions: 0
	Total of opinion triples generated: 2
	Total of sentences in the tag file 21
	Total of sentences with annotated opinions 2
Processing  2013-03-25_bruxelles.blogs.liberation.fr_8ddd4abb7eb922c0d68cda4d8c9fee759c907a30
	Total of opinions with different scope in the tag file: 1
	Total of skipped opinions: 0
	Total of opinion triples generated: 1
	Total of sentences in the tag file 33
	Total of sentences with annotated opinions 1
Processing  2013-06-17_www.tdg.ch_094759f71a841790d863aab2e807c7c50ce32584
	Total of opinions with different scope in the tag file: 2
	Total of skipped opinions: 0
	Total of opinion triples generated: 2
	Total of sentences in the tag file 23
	Total of sentences with annotated opinions 2
Processing  2013-06-19_tempsreel.nouvelobs.com_a977018cef68256364c22437b2de2263a1620fb0
	Total of opinions with different scope in the tag file: 2
	Total of skipped opinions: 0
	Total of opinion triples generated: 1
	Total of sentences in the tag file 32
	Total of sentences with annotated opinions 1
Processing  2013-05-31_www.dna.fr_8080d401459928ebee8d390d7e2ac422e199266a
	Discarded  	/home/izquierdo/data/opinion_annotations_fr/tag/news/2013-05-31_www.dna.fr_8080d401459928ebee8d390d7e2ac422e199266a.tag opinion id:6

	Total of opinions with different scope in the tag file: 2
	Total of skipped opinions: 1
	Total of opinion triples generated: 2
	Total of sentences in the tag file 21
	Total of sentences with annotated opinions 1
Processing  2013-04-27_www.leparisien.fr_bab17b28c155db085a670d8495efc1f4dd8cdfe2
	Total of opinions with different scope in the tag file: 2
	Total of skipped opinions: 0
	Total of opinion triples generated: 2
	Total of sentences in the tag file 46
	Total of sentences with annotated opinions 2
Processing  2013-06-07_lexpansion.lexpress.fr_dad3c2b0ff78c4970fb29510bce8e556b1fc0c19
	Total of opinions with different scope in the tag file: 1
	Total of skipped opinions: 0
	Total of opinion triples generated: 1
	Total of sentences in the tag file 55
	Total of sentences with annotated opinions 1
Processing  2013-11-30_lci.tf1.fr_883677ba7de3cd53593027651b3c876adcc58ba8
	Total of opinions with different scope in the tag file: 2
	Total of skipped opinions: 0
	Total of opinion triples generated: 1
	Total of sentences in the tag file 40
	Total of sentences with annotated opinions 1
Processing  2013-08-29_lci.tf1.fr_f761bc41f82cf03d891fc450560129a32f66c81a
	Total of opinions with different scope in the tag file: 1
	Total of skipped opinions: 0
	Total of opinion triples generated: 5
	Total of sentences in the tag file 57
	Total of sentences with annotated opinions 1
Processing  2013-02-08_www.rtl.fr_37fa312b0818c5beb9951dfb9df980e11916cbca
	Total of opinions with different scope in the tag file: 5
	Total of skipped opinions: 0
	Total of opinion triples generated: 4
	Total of sentences in the tag file 73
	Total of sentences with annotated opinions 4
Processing  2013-06-07_tempsreel.nouvelobs.com_8f33d6b9c9fd6244b22e37ba8d6a208afae08b4b
	Total of opinions with different scope in the tag file: 1
	Total of skipped opinions: 0
	Total of opinion triples generated: 1
	Total of sentences in the tag file 16
	Total of sentences with annotated opinions 1
Processing  2013-05-22_lexpansion.lexpress.fr_2748bd95c0f1164f38b28ed1b54a32764c7b9c96
	Total of opinions with different scope in the tag file: 0
	Total of skipped opinions: 0
	Total of opinion triples generated: 0
	Total of sentences in the tag file 25
	Total of sentences with annotated opinions 0
Processing  2014-02-06_www.euractiv.fr_f02d153dfca37052367edbfbcf7b343492cdb627
	Total of opinions with different scope in the tag file: 2
	Total of skipped opinions: 0
	Total of opinion triples generated: 3
	Total of sentences in the tag file 32
	Total of sentences with annotated opinions 2
Processing  2013-02-08_www.lematin.ch_bbd780183e2419226069ab9ae4cf3f9453be750d
	Total of opinions with different scope in the tag file: 0
	Total of skipped opinions: 0
	Total of opinion triples generated: 0
	Total of sentences in the tag file 58
	Total of sentences with annotated opinions 0
Processing  2014-01-31_www.lyonne.fr_9d25849d2342efe124a46c62e0885031e4e09ded
	Total of opinions with different scope in the tag file: 0
	Total of skipped opinions: 0
	Total of opinion triples generated: 0
	Total of sentences in the tag file 30
	Total of sentences with annotated opinions 0
Processing  2013-10-26_lecourrier.vnagency.com.vn_025ad9f8fa52c6e91910315389283b12a1959997
	Total of opinions with different scope in the tag file: 1
	Total of skipped opinions: 0
	Total of opinion triples generated: 0
	Total of sentences in the tag file 35
	Total of sentences with annotated opinions 0
Processing  2013-02-05_www.europe1.fr_e48e135667f4e4a8996e6f1bedbf06ea08e8c645
	Total of opinions with different scope in the tag file: 2
	Total of skipped opinions: 0
	Total of opinion triples generated: 2
	Total of sentences in the tag file 29
	Total of sentences with annotated opinions 2
Processing  2013-06-19_www.rtbf.be_f0597c28225e48d5be51baa0028dc7f14a1122cc
	Total of opinions with different scope in the tag file: 5
	Total of skipped opinions: 0
	Total of opinion triples generated: 5
	Total of sentences in the tag file 56
	Total of sentences with annotated opinions 4
Processing  2013-12-19_tempsreel.nouvelobs.com_628e360d56444ebed6e16c12e773837275524f76
	Total of opinions with different scope in the tag file: 1
	Total of skipped opinions: 0
	Total of opinion triples generated: 1
	Total of sentences in the tag file 34
	Total of sentences with annotated opinions 1
Processing  2013-08-26_tempsreel.nouvelobs.com_c719c9f1eaefec832c9bb7a946984ca0ccc873b3
	Total of opinions with different scope in the tag file: 1
	Total of skipped opinions: 0
	Total of opinion triples generated: 0
	Total of sentences in the tag file 61
	Total of sentences with annotated opinions 0
Processing  2013-04-27_www.ouest-france.fr_97e6889eb8e62f5857bb6d05ffcfe6e8191b100e
	Total of opinions with different scope in the tag file: 1
	Total of skipped opinions: 0
	Total of opinion triples generated: 1
	Total of sentences in the tag file 16
	Total of sentences with annotated opinions 1
Processing  2013-03-02_tempsreel.nouvelobs.com_b79cce96c1644aea23bc23cda956c4fa173edc00
	Total of opinions with different scope in the tag file: 1
	Total of skipped opinions: 0
	Total of opinion triples generated: 0
	Total of sentences in the tag file 21
	Total of sentences with annotated opinions 0
Processing  2013-03-18_www.rtbf.be_f6d5825f02cc88aee57782161e2b4b5476e14da5
	Total of opinions with different scope in the tag file: 1
	Total of skipped opinions: 0
	Total of opinion triples generated: 1
	Total of sentences in the tag file 31
	Total of sentences with annotated opinions 1
Processing  2013-04-29_www.leparisien.fr_f81be22b1ea267002cdf3ba2c01590cbfa7ec5a1
	Total of opinions with different scope in the tag file: 1
	Total of skipped opinions: 0
	Total of opinion triples generated: 1
	Total of sentences in the tag file 25
	Total of sentences with annotated opinions 1
Processing  2013-09-20_www.24heures.ch_206da5f01d22450b919e772933860b7902a5bf93
	Total of opinions with different scope in the tag file: 0
	Total of skipped opinions: 0
	Total of opinion triples generated: 0
	Total of sentences in the tag file 44
	Total of sentences with annotated opinions 0
Processing  2013-06-14_www.leparisien.fr_5a4239118da431108622f4a2b0a2f2669f77f1d3
	Total of opinions with different scope in the tag file: 3
	Total of skipped opinions: 0
	Total of opinion triples generated: 3
	Total of sentences in the tag file 35
	Total of sentences with annotated opinions 3
Processing  2013-08-30_tempsreel.nouvelobs.com_b32319e446db045858d4b6d71e1810af25d27e26
	Total of opinions with different scope in the tag file: 0
	Total of skipped opinions: 0
	Total of opinion triples generated: 0
	Total of sentences in the tag file 45
	Total of sentences with annotated opinions 0
Processing  2013-09-22_www.letelegramme.fr_f9b1054879e9b381f6803dfb2be5e4c815f2c54a
	Total of opinions with different scope in the tag file: 1
	Total of skipped opinions: 0
	Total of opinion triples generated: 1
	Total of sentences in the tag file 33
	Total of sentences with annotated opinions 1
Processing  2013-05-08_www.lematin.ch_db3c473e5df247520b4fe7597b7bd1707fc1f0a4
	Total of opinions with different scope in the tag file: 2
	Total of skipped opinions: 0
	Total of opinion triples generated: 2
	Total of sentences in the tag file 19
	Total of sentences with annotated opinions 2
Processing  2013-05-17_www.euractiv.fr_9a2b062c1113d291fb22e1c6471737f9a912519b
	Total of opinions with different scope in the tag file: 3
	Total of skipped opinions: 0
	Total of opinion triples generated: 2
	Total of sentences in the tag file 36
	Total of sentences with annotated opinions 2
Processing  2013-10-04_www.nicematin.com_f7dbe4fd045947b93a98da4c74264591e7fd9be1
	Total of opinions with different scope in the tag file: 2
	Total of skipped opinions: 0
	Total of opinion triples generated: 2
	Total of sentences in the tag file 42
	Total of sentences with annotated opinions 2
Processing  2013-10-24_lecourrier.vnagency.com.vn_873efa74f75105485c3103040dc09994962bcda0
	Total of opinions with different scope in the tag file: 1
	Total of skipped opinions: 0
	Total of opinion triples generated: 1
	Total of sentences in the tag file 35
	Total of sentences with annotated opinions 1
Processing  2013-04-08_www.lematin.ch_05189c8f40abf155e54bd4dc65555cfd8a8d3aea
	Total of opinions with different scope in the tag file: 1
	Total of skipped opinions: 0
	Total of opinion triples generated: 1
	Total of sentences in the tag file 60
	Total of sentences with annotated opinions 1
Processing  2013-11-01_tempsreel.nouvelobs.com_468c7550f44b5d7f7682ba786c0a7517b7e6d607
	Total of opinions with different scope in the tag file: 1
	Total of skipped opinions: 0
	Total of opinion triples generated: 1
	Total of sentences in the tag file 29
	Total of sentences with annotated opinions 1
Processing  2013-12-18_www.nicematin.com_6cd45c6e15d9a171decf19a3420e6e0c050c0eb4
	Total of opinions with different scope in the tag file: 2
	Total of skipped opinions: 0
	Total of opinion triples generated: 1
	Total of sentences in the tag file 40
	Total of sentences with annotated opinions 1
Processing  2013-02-26_lci.tf1.fr_839c2e0199d86bce68f819e9ff2ebee20f321bdb
	Total of opinions with different scope in the tag file: 0
	Total of skipped opinions: 0
	Total of opinion triples generated: 0
	Total of sentences in the tag file 34
	Total of sentences with annotated opinions 0
Processing  2013-04-27_www.rtl.fr_db70050242b175ecbd51b4133ea8c41eb34c7b81
	Total of opinions with different scope in the tag file: 2
	Total of skipped opinions: 0
	Total of opinion triples generated: 2
	Total of sentences in the tag file 24
	Total of sentences with annotated opinions 2
Processing  2013-09-22_www.rtbf.be_2e68124431f456bd2357b0bef511f4f6f7200439
	Total of opinions with different scope in the tag file: 1
	Total of skipped opinions: 0
	Total of opinion triples generated: 1
	Total of sentences in the tag file 27
	Total of sentences with annotated opinions 1
Processing  2013-03-15_www.rtl.fr_8ea5419908a856fbcd2b41f538464a9424f095c0
	Total of opinions with different scope in the tag file: 8
	Total of skipped opinions: 0
	Total of opinion triples generated: 8
	Total of sentences in the tag file 82
	Total of sentences with annotated opinions 8
Processing  2013-04-27_lci.tf1.fr_b6f96ff304a346ed68df656e4378e53c989312b0
	Total of opinions with different scope in the tag file: 0
	Total of skipped opinions: 0
	Total of opinion triples generated: 0
	Total of sentences in the tag file 22
	Total of sentences with annotated opinions 0
Processing  2013-03-01_www.lapresse.ca_e58dedac3a962393d04b2821842b1ddd455267a6
	Total of opinions with different scope in the tag file: 1
	Total of skipped opinions: 0
	Total of opinion triples generated: 1
	Total of sentences in the tag file 36
	Total of sentences with annotated opinions 1
Processing  2013-04-08_www.leparisien.fr_e00b997b01be187fdc1c582184a3c2af513cf7ad
	Total of opinions with different scope in the tag file: 3
	Total of skipped opinions: 0
	Total of opinion triples generated: 3
	Total of sentences in the tag file 37
	Total of sentences with annotated opinions 3
Processing  2013-03-06_www.paris-normandie.fr_1ccdc3e32e1bb6b08d5a3a32a63991b4209c9027
	Total of opinions with different scope in the tag file: 0
	Total of skipped opinions: 0
	Total of opinion triples generated: 0
	Total of sentences in the tag file 23
	Total of sentences with annotated opinions 0
Processing  2013-06-10_www.lunion.presse.fr_41c250dd0b9d7e9d2cdfce3dbf68e0397e2b8ecc
	Total of opinions with different scope in the tag file: 0
	Total of skipped opinions: 0
	Total of opinion triples generated: 0
	Total of sentences in the tag file 35
	Total of sentences with annotated opinions 0
Processing  2013-11-09_www.lapresse.ca_83aeaf388ae9d21cfa50b4076bb021c09ca4e297
	Total of opinions with different scope in the tag file: 4
	Total of skipped opinions: 0
	Total of opinion triples generated: 4
	Total of sentences in the tag file 36
	Total of sentences with annotated opinions 3
Processing  2013-10-04_www.bienpublic.com_5d5fa9ba7806a2c1b682e57d051d88e00083d256
	Total of opinions with different scope in the tag file: 1
	Total of skipped opinions: 0
	Total of opinion triples generated: 1
	Total of sentences in the tag file 12
	Total of sentences with annotated opinions 1
Processing  2013-03-14_www.europe1.fr_a5aaac181ce366692a8f5817ff966e7ea810baf8
	Discarded  	/home/izquierdo/data/opinion_annotations_fr/tag/news/2013-03-14_www.europe1.fr_a5aaac181ce366692a8f5817ff966e7ea810baf8.tag opinion id:10

	Total of opinions with different scope in the tag file: 3
	Total of skipped opinions: 1
	Total of opinion triples generated: 0
	Total of sentences in the tag file 34
	Total of sentences with annotated opinions 0
Processing  2013-11-01_www.bienpublic.com_4c29ad059d11e2cfbff545e866c9ddeef675770e
	Total of opinions with different scope in the tag file: 2
	Total of skipped opinions: 0
	Total of opinion triples generated: 0
	Total of sentences in the tag file 27
	Total of sentences with annotated opinions 0
Processing  2013-02-15_www.bienpublic.com_26e5edff5b837f3e28f907120c3031a1785ffd05
	Total of opinions with different scope in the tag file: 1
	Total of skipped opinions: 0
	Total of opinion triples generated: 0
	Total of sentences in the tag file 16
	Total of sentences with annotated opinions 0
Processing  2013-05-22_www.europe1.fr_c40894de0581007b24d1527f196897e37db1d959
	Discarded  	/home/izquierdo/data/opinion_annotations_fr/tag/news/2013-05-22_www.europe1.fr_c40894de0581007b24d1527f196897e37db1d959.tag opinion id:1

	Total of opinions with different scope in the tag file: 4
	Total of skipped opinions: 1
	Total of opinion triples generated: 3
	Total of sentences in the tag file 28
	Total of sentences with annotated opinions 2
Processing  2013-05-17_www.courrierinternational.com_4c5eabf0942b5b8b72a2eff1999a93e7e92589af
	Total of opinions with different scope in the tag file: 1
	Total of skipped opinions: 0
	Total of opinion triples generated: 0
	Total of sentences in the tag file 28
	Total of sentences with annotated opinions 0
Processing  2013-05-01_www.europe1.fr_eacb0310190377885bfeccf44f3d125628adc598
	Total of opinions with different scope in the tag file: 4
	Total of skipped opinions: 0
	Total of opinion triples generated: 1
	Total of sentences in the tag file 17
	Total of sentences with annotated opinions 1
Processing  2013-02-19_www.lepoint.fr_971e4680a529291725d0bd52b51f6a887d6a0e3e
	Total of opinions with different scope in the tag file: 1
	Total of skipped opinions: 0
	Total of opinion triples generated: 1
	Total of sentences in the tag file 26
	Total of sentences with annotated opinions 1
Processing  2013-05-18_www.lejdd.fr_b73bb112744c32921150771471dc268acf64c1f6
	Total of opinions with different scope in the tag file: 0
	Total of skipped opinions: 0
	Total of opinion triples generated: 0
	Total of sentences in the tag file 8
	Total of sentences with annotated opinions 0
Processing  2013-05-01_www.lematin.ch_444ca8b26c59519214e8c6a5df39f81467898931
	Total of opinions with different scope in the tag file: 4
	Total of skipped opinions: 0
	Total of opinion triples generated: 3
	Total of sentences in the tag file 43
	Total of sentences with annotated opinions 3
Processing  2013-05-23_www.lepoint.fr_e153ff378d23df65dfe752363f2f830167059887
	Discarded  	/home/izquierdo/data/opinion_annotations_fr/tag/news/2013-05-23_www.lepoint.fr_e153ff378d23df65dfe752363f2f830167059887.tag opinion id:4

	Total of opinions with different scope in the tag file: 3
	Total of skipped opinions: 1
	Total of opinion triples generated: 2
	Total of sentences in the tag file 31
	Total of sentences with annotated opinions 2
Processing  2013-02-04_www.lesechos.fr_75a7e7e98ce352e1e2245dcee5fc880af7822c68
	Total of opinions with different scope in the tag file: 2
	Total of skipped opinions: 0
	Total of opinion triples generated: 2
	Total of sentences in the tag file 24
	Total of sentences with annotated opinions 1
Processing  2013-12-22_www.levif.be_209c794cc8f8b238a144eb8eb177429c0b985e78
	Discarded  	/home/izquierdo/data/opinion_annotations_fr/tag/news/2013-12-22_www.levif.be_209c794cc8f8b238a144eb8eb177429c0b985e78.tag opinion id:9

	Discarded  	/home/izquierdo/data/opinion_annotations_fr/tag/news/2013-12-22_www.levif.be_209c794cc8f8b238a144eb8eb177429c0b985e78.tag opinion id:10

	Total of opinions with different scope in the tag file: 4
	Total of skipped opinions: 2
	Total of opinion triples generated: 2
	Total of sentences in the tag file 64
	Total of sentences with annotated opinions 2
Processing  2013-04-27_www.leparisien.fr_a28033dba17130ceb8515f37c880af774ec5c67a
	Total of opinions with different scope in the tag file: 1
	Total of skipped opinions: 0
	Total of opinion triples generated: 1
	Total of sentences in the tag file 14
	Total of sentences with annotated opinions 1
Processing  2013-03-15_lecourrier.vnagency.com.vn_77a6ad67e6cef04d751113d39de9b036a466beb0
	Total of opinions with different scope in the tag file: 0
	Total of skipped opinions: 0
	Total of opinion triples generated: 0
	Total of sentences in the tag file 34
	Total of sentences with annotated opinions 0
Processing  2013-02-07_www.europe1.fr_1d632b23c59e4a521d584ffe1d517e805df3d58a
	Total of opinions with different scope in the tag file: 2
	Total of skipped opinions: 0
	Total of opinion triples generated: 3
	Total of sentences in the tag file 26
	Total of sentences with annotated opinions 2
Processing  2013-06-18_www.lexpress.fr_789764dd1fe271f58fa7e78c350e9b1b04858f72
	Total of opinions with different scope in the tag file: 2
	Total of skipped opinions: 0
	Total of opinion triples generated: 2
	Total of sentences in the tag file 25
	Total of sentences with annotated opinions 2
Processing  2013-10-05_www.24heures.ch_a4bda4d2641f0cdcd339a4e1649dc76e8e662cdd
	Total of opinions with different scope in the tag file: 2
	Total of skipped opinions: 0
	Total of opinion triples generated: 0
	Total of sentences in the tag file 28
	Total of sentences with annotated opinions 0
Processing  2013-03-25_www.lemonde.fr_ae2d311a083d656be960495d9d0f142efec7e98b
	Total of opinions with different scope in the tag file: 2
	Total of skipped opinions: 0
	Total of opinion triples generated: 2
	Total of sentences in the tag file 40
	Total of sentences with annotated opinions 2
Processing  2013-04-17_www.europe1.fr_da3a46fa7e7251bb5ed63c0f9c511b31a5cab770
	Total of opinions with different scope in the tag file: 1
	Total of skipped opinions: 0
	Total of opinion triples generated: 1
	Total of sentences in the tag file 68
	Total of sentences with annotated opinions 1
Processing  2013-05-22_lci.tf1.fr_ec1b43c32d9b95377fcc3a3242c2fec79a1be51e
	Discarded  	/home/izquierdo/data/opinion_annotations_fr/tag/news/2013-05-22_lci.tf1.fr_ec1b43c32d9b95377fcc3a3242c2fec79a1be51e.tag opinion id:1

	Total of opinions with different scope in the tag file: 1
	Total of skipped opinions: 1
	Total of opinion triples generated: 0
	Total of sentences in the tag file 30
	Total of sentences with annotated opinions 0
Processing  2013-08-30_www.ledauphine.com_ca53648d7eeb68b21ab3be47d6bdd4089d60de8a
	Total of opinions with different scope in the tag file: 2
	Total of skipped opinions: 0
	Total of opinion triples generated: 1
	Total of sentences in the tag file 27
	Total of sentences with annotated opinions 1
Processing  2013-05-24_www.lesechos.fr_e7942e1cdda8f15a6c8df106eb55ed663ef56ef8
	Total of opinions with different scope in the tag file: 3
	Total of skipped opinions: 0
	Total of opinion triples generated: 2
	Total of sentences in the tag file 32
	Total of sentences with annotated opinions 2
Processing  2013-02-07_www.lepoint.fr_fb87e945ee349799bfe682d5686073fe7c1f55f6
	Discarded  	/home/izquierdo/data/opinion_annotations_fr/tag/news/2013-02-07_www.lepoint.fr_fb87e945ee349799bfe682d5686073fe7c1f55f6.tag opinion id:8

	Total of opinions with different scope in the tag file: 2
	Total of skipped opinions: 1
	Total of opinion triples generated: 1
	Total of sentences in the tag file 40
	Total of sentences with annotated opinions 1
Processing  2013-05-30_www.leparisien.fr_1cf658ec97dbcd8a4aae2c24cc9f4f51ebfecefe
	Total of opinions with different scope in the tag file: 3
	Total of skipped opinions: 0
	Total of opinion triples generated: 3
	Total of sentences in the tag file 33
	Total of sentences with annotated opinions 3
Processing  2013-02-07_lexpansion.lexpress.fr_599d6434680bd08804a945576b25068ee83bde55
	Total of opinions with different scope in the tag file: 1
	Total of skipped opinions: 0
	Total of opinion triples generated: 1
	Total of sentences in the tag file 42
	Total of sentences with annotated opinions 1
Processing  2013-05-01_fr.euronews.com_537f84d19627ae139085e32aae0cd4d60666e314
	Total of opinions with different scope in the tag file: 1
	Total of skipped opinions: 0
	Total of opinion triples generated: 1
	Total of sentences in the tag file 13
	Total of sentences with annotated opinions 1
Processing  2013-04-28_www.liberation.fr_9530937bf34bb7829f58acac23b1c27a14f87fc6
	Total of opinions with different scope in the tag file: 2
	Total of skipped opinions: 0
	Total of opinion triples generated: 2
	Total of sentences in the tag file 24
	Total of sentences with annotated opinions 2
Processing  2013-12-05_tempsreel.nouvelobs.com_6a0d0786843f113f1153fcb3de5d37ad2dc5055f
	Total of opinions with different scope in the tag file: 1
	Total of skipped opinions: 0
	Total of opinion triples generated: 0
	Total of sentences in the tag file 101
	Total of sentences with annotated opinions 0
Processing  2013-02-08_www.lepoint.fr_7ad32123ad0e9e1946aecc999a17e6dccbf81d6e
	Total of opinions with different scope in the tag file: 0
	Total of skipped opinions: 0
	Total of opinion triples generated: 0
	Total of sentences in the tag file 24
	Total of sentences with annotated opinions 0
Processing  2013-06-03_tempsreel.nouvelobs.com_5ac85a8196d20108eb599c514124e251486c3b25
	Total of opinions with different scope in the tag file: 0
	Total of skipped opinions: 0
	Total of opinion triples generated: 0
	Total of sentences in the tag file 45
	Total of sentences with annotated opinions 0
Processing  2013-09-06_lci.tf1.fr_cf206707bd277a038e56c1da069975ec443d8b32
	Total of opinions with different scope in the tag file: 1
	Total of skipped opinions: 0
	Total of opinion triples generated: 1
	Total of sentences in the tag file 98
	Total of sentences with annotated opinions 1
Processing  2013-09-22_www.tdg.ch_34dbc091366f6f5c03affe3ff017d5d276228690
	Total of opinions with different scope in the tag file: 3
	Total of skipped opinions: 0
	Total of opinion triples generated: 3
	Total of sentences in the tag file 35
	Total of sentences with annotated opinions 3
Processing  2013-09-15_lecourrier.vnagency.com.vn_1200b31a3cfcdfa9f671e5c274d2a02241ad5786
	Total of opinions with different scope in the tag file: 1
	Total of skipped opinions: 0
	Total of opinion triples generated: 1
	Total of sentences in the tag file 24
	Total of sentences with annotated opinions 1
Processing  2013-02-08_www.rtbf.be_b760b69a8315842048c0fb7876dc9cafe8c5cfbb
	Total of opinions with different scope in the tag file: 2
	Total of skipped opinions: 0
	Total of opinion triples generated: 2
	Total of sentences in the tag file 57
	Total of sentences with annotated opinions 2
Processing  2013-05-16_www.lexpress.fr_7fab4752ef09ace4dd37d2b758d35d3cb5ba6a3a
	Discarded  	/home/izquierdo/data/opinion_annotations_fr/tag/news/2013-05-16_www.lexpress.fr_7fab4752ef09ace4dd37d2b758d35d3cb5ba6a3a.tag opinion id:16

	Total of opinions with different scope in the tag file: 6
	Total of skipped opinions: 1
	Total of opinion triples generated: 2
	Total of sentences in the tag file 107
	Total of sentences with annotated opinions 2
Processing  2013-05-05_www.rtl.fr_62167dc3ee402903f858b9d3c8876422f73797db
	Total of opinions with different scope in the tag file: 2
	Total of skipped opinions: 0
	Total of opinion triples generated: 2
	Total of sentences in the tag file 43
	Total of sentences with annotated opinions 2
Processing  2013-02-20_www.dna.fr_917254a071a3a5dd92f7e258320a5436a8c9f946
	Total of opinions with different scope in the tag file: 3
	Total of skipped opinions: 0
	Total of opinion triples generated: 2
	Total of sentences in the tag file 24
	Total of sentences with annotated opinions 2
Processing  2013-10-25_lecourrier.vnagency.com.vn_104bf97c45cc675bbf35b87a8cbd3abf81fb902d
	Total of opinions with different scope in the tag file: 0
	Total of skipped opinions: 0
	Total of opinion triples generated: 0
	Total of sentences in the tag file 27
	Total of sentences with annotated opinions 0
Processing  2013-06-02_www.levif.be_b7a274891828c6e446070b294dc094e66f54ef5b
	Total of opinions with different scope in the tag file: 0
	Total of skipped opinions: 0
	Total of opinion triples generated: 0
	Total of sentences in the tag file 42
	Total of sentences with annotated opinions 0
Processing  2013-03-15_lexpansion.lexpress.fr_cea6519f6bbce69c5d1f764504bb8fc9c9d4181b
	Total of opinions with different scope in the tag file: 3
	Total of skipped opinions: 0
	Total of opinion triples generated: 0
	Total of sentences in the tag file 35
	Total of sentences with annotated opinions 0
Processing  2013-09-23_tempsreel.nouvelobs.com_7a2abe64408e9f8f72630ad6132b9569163f476c
	Total of opinions with different scope in the tag file: 0
	Total of skipped opinions: 0
	Total of opinion triples generated: 0
	Total of sentences in the tag file 51
	Total of sentences with annotated opinions 0
Processing  2013-04-08_www.lapresse.ca_7c57e8f76408ebd1651cd5611e5c10913ad0ddac
	Total of opinions with different scope in the tag file: 2
	Total of skipped opinions: 0
	Total of opinion triples generated: 2
	Total of sentences in the tag file 32
	Total of sentences with annotated opinions 2
Processing  2013-08-30_www.europe1.fr_3f047370d3f6e517134ec4b75d94734d7f196b8a
	Total of opinions with different scope in the tag file: 1
	Total of skipped opinions: 0
	Total of opinion triples generated: 0
	Total of sentences in the tag file 11
	Total of sentences with annotated opinions 0
Processing  2013-10-10_www.tdg.ch_bb695ff86b22158fd5fbdc17cf0b3ccada03f882
	Total of opinions with different scope in the tag file: 3
	Total of skipped opinions: 0
	Total of opinion triples generated: 2
	Total of sentences in the tag file 34
	Total of sentences with annotated opinions 2
Processing  2013-02-05_www.lepoint.fr_59b126e8018767a469d6fae0c2d6bdd8d63281d9
	Total of opinions with different scope in the tag file: 3
	Total of skipped opinions: 0
	Total of opinion triples generated: 3
	Total of sentences in the tag file 30
	Total of sentences with annotated opinions 3
Processing  2013-04-29_www.europe1.fr_e2b324b6c85b354717d4953ceb4b3af95afcf270
	Total of opinions with different scope in the tag file: 5
	Total of skipped opinions: 0
	Total of opinion triples generated: 2
	Total of sentences in the tag file 8
	Total of sentences with annotated opinions 2
Processing  2013-02-08_www.lepoint.fr_b353163a7df8d2ad866b8467d817995a55611e5c
	Total of opinions with different scope in the tag file: 3
	Total of skipped opinions: 0
	Total of opinion triples generated: 3
	Total of sentences in the tag file 40
	Total of sentences with annotated opinions 2
Processing  2013-03-29_www.lexpress.fr_72ee311ff85c5fd2a28fce193128eb97a82e414e
	Discarded  	/home/izquierdo/data/opinion_annotations_fr/tag/news/2013-03-29_www.lexpress.fr_72ee311ff85c5fd2a28fce193128eb97a82e414e.tag opinion id:9

	Discarded  	/home/izquierdo/data/opinion_annotations_fr/tag/news/2013-03-29_www.lexpress.fr_72ee311ff85c5fd2a28fce193128eb97a82e414e.tag opinion id:15

	Total of opinions with different scope in the tag file: 5
	Total of skipped opinions: 2
	Total of opinion triples generated: 3
	Total of sentences in the tag file 43
	Total of sentences with annotated opinions 3
Processing  2013-02-11_www.europe1.fr_0bbbd0532c5b76fe29efb9c41bfe438d9057371f
	Total of opinions with different scope in the tag file: 2
	Total of skipped opinions: 0
	Total of opinion triples generated: 1
	Total of sentences in the tag file 110
	Total of sentences with annotated opinions 1
Processing  2013-08-23_www.levif.be_58d1e7ee39e2a5042bf8a2699d68b1fe44c73335
	Discarded  	/home/izquierdo/data/opinion_annotations_fr/tag/news/2013-08-23_www.levif.be_58d1e7ee39e2a5042bf8a2699d68b1fe44c73335.tag opinion id:8

	Total of opinions with different scope in the tag file: 2
	Total of skipped opinions: 1
	Total of opinion triples generated: 1
	Total of sentences in the tag file 31
	Total of sentences with annotated opinions 1
Processing  2013-08-17_www.lorientlejour.com_d04294644afab2c3454b3cc38a2442f611348ff3
	Total of opinions with different scope in the tag file: 1
	Total of skipped opinions: 0
	Total of opinion triples generated: 1
	Total of sentences in the tag file 23
	Total of sentences with annotated opinions 1
Processing  2013-04-26_lci.tf1.fr_59d2f9c9f4569101e6ced0028a489410f814d353
	Total of opinions with different scope in the tag file: 1
	Total of skipped opinions: 0
	Total of opinion triples generated: 1
	Total of sentences in the tag file 23
	Total of sentences with annotated opinions 1
Processing  2013-02-27_lexpansion.lexpress.fr_d1d34be2e03c688bd3ae5436c3caa8e363fbf4af
	Total of opinions with different scope in the tag file: 0
	Total of skipped opinions: 0
	Total of opinion triples generated: 0
	Total of sentences in the tag file 40
	Total of sentences with annotated opinions 0
Processing  2013-05-23_lci.tf1.fr_f734edf63c2d7e7f69a843ea9ef326c163cc187c
	Total of opinions with different scope in the tag file: 0
	Total of skipped opinions: 0
	Total of opinion triples generated: 0
	Total of sentences in the tag file 21
	Total of sentences with annotated opinions 0
Processing  2013-04-29_lci.tf1.fr_a35d248550f03c7baede3332a0e64fd51b71d639
	Total of opinions with different scope in the tag file: 1
	Total of skipped opinions: 0
	Total of opinion triples generated: 1
	Total of sentences in the tag file 17
	Total of sentences with annotated opinions 1
Processing  2013-05-03_lexpansion.lexpress.fr_eb30a5d27ad2d349790048e05dd58a529011833b
	Total of opinions with different scope in the tag file: 0
	Total of skipped opinions: 0
	Total of opinion triples generated: 0
	Total of sentences in the tag file 57
	Total of sentences with annotated opinions 0
Processing  2013-05-23_fr.euronews.com_eee7433dbb898661f5803c10c3eefd0a6219ea79
	Total of opinions with different scope in the tag file: 2
	Total of skipped opinions: 0
	Total of opinion triples generated: 2
	Total of sentences in the tag file 56
	Total of sentences with annotated opinions 2
Processing  2014-01-31_www.lepoint.fr_d7ee3c48cf7482f3f4a86f85c4716867dbe9e856
	Total of opinions with different scope in the tag file: 0
	Total of skipped opinions: 0
	Total of opinion triples generated: 0
	Total of sentences in the tag file 31
	Total of sentences with annotated opinions 0
Processing  2013-04-08_www.rtl.fr_8fe33b875760f49e970b838d0e088d2c8c087491
	Discarded  	/home/izquierdo/data/opinion_annotations_fr/tag/news/2013-04-08_www.rtl.fr_8fe33b875760f49e970b838d0e088d2c8c087491.tag opinion id:4

	Total of opinions with different scope in the tag file: 1
	Total of skipped opinions: 1
	Total of opinion triples generated: 0
	Total of sentences in the tag file 41
	Total of sentences with annotated opinions 0
Processing  2013-05-12_lci.tf1.fr_1b78a34f9d0cb78ffaf68ba50acc78f79d0a1799
	Total of opinions with different scope in the tag file: 0
	Total of skipped opinions: 0
	Total of opinion triples generated: 0
	Total of sentences in the tag file 25
	Total of sentences with annotated opinions 0
Processing  2013-09-23_www.courrierinternational.com_a6f5b4c0d27c4dc34562183d44066dc6070f0ae1
	Total of opinions with different scope in the tag file: 2
	Total of skipped opinions: 0
	Total of opinion triples generated: 0
	Total of sentences in the tag file 14
	Total of sentences with annotated opinions 0
Processing  2013-05-27_fr.euronews.com_819d2880d894483e4245263eb7ef81bb58aebfa2
	Total of opinions with different scope in the tag file: 1
	Total of skipped opinions: 0
	Total of opinion triples generated: 1
	Total of sentences in the tag file 14
	Total of sentences with annotated opinions 1
Processing  2013-05-24_allemagne.blog.lemonde.fr_78a6c704ede64442f187cfb84e6331e4953d673f
	Discarded  	/home/izquierdo/data/opinion_annotations_fr/tag/news/2013-05-24_allemagne.blog.lemonde.fr_78a6c704ede64442f187cfb84e6331e4953d673f.tag opinion id:2

	Total of opinions with different scope in the tag file: 1
	Total of skipped opinions: 1
	Total of opinion triples generated: 0
	Total of sentences in the tag file 14
	Total of sentences with annotated opinions 0
Processing  2013-04-17_lci.tf1.fr_d83873acf5c7616faaac15e22ff696e8561d60f8
	Total of opinions with different scope in the tag file: 1
	Total of skipped opinions: 0
	Total of opinion triples generated: 1
	Total of sentences in the tag file 31
	Total of sentences with annotated opinions 1
Processing  2013-09-02_www.courrierinternational.com_fd7a4afe5ad59336d572d0e9d7ef6a965e80c090
	Total of opinions with different scope in the tag file: 0
	Total of skipped opinions: 0
	Total of opinion triples generated: 0
	Total of sentences in the tag file 19
	Total of sentences with annotated opinions 0
Processing  2013-04-29_www.leparisien.fr_68ae552b0697ea02921d108e6af5e188c23e12ec
	Total of opinions with different scope in the tag file: 2
	Total of skipped opinions: 0
	Total of opinion triples generated: 2
	Total of sentences in the tag file 38
	Total of sentences with annotated opinions 2
Processing  2013-10-27_www.dna.fr_39491ef86bcdf9c04e64f785f9c5d6da9d066993
	Total of opinions with different scope in the tag file: 3
	Total of skipped opinions: 0
	Total of opinion triples generated: 2
	Total of sentences in the tag file 26
	Total of sentences with annotated opinions 2
Processing  2013-04-08_www.lejdd.fr_939cb55cef8c39ff2b3499d86034cfbaca525c51
	Total of opinions with different scope in the tag file: 2
	Total of skipped opinions: 0
	Total of opinion triples generated: 2
	Total of sentences in the tag file 56
	Total of sentences with annotated opinions 2
Processing  2013-06-17_www.rtbf.be_8fffa644b17eb9f7e1a87deb1934381ca7ece3f2
	Total of opinions with different scope in the tag file: 0
	Total of skipped opinions: 0
	Total of opinion triples generated: 0
	Total of sentences in the tag file 10
	Total of sentences with annotated opinions 0
Processing  2013-09-20_www.lematin.ch_b95df1a7a7c9308d155b9eb5bc1511833c2492d8
	Total of opinions with different scope in the tag file: 5
	Total of skipped opinions: 0
	Total of opinion triples generated: 5
	Total of sentences in the tag file 46
	Total of sentences with annotated opinions 3
Processing  2013-04-29_www.lesechos.fr_09ae20e5b6a604ca7c8229a0186984da3bfae756
	Total of opinions with different scope in the tag file: 1
	Total of skipped opinions: 0
	Total of opinion triples generated: 1
	Total of sentences in the tag file 18
	Total of sentences with annotated opinions 1
Processing  2013-04-28_www.dna.fr_2dbe1fcea1a73fdf6cd7e2dd3834a3b88dd3f532
	Total of opinions with different scope in the tag file: 2
	Total of skipped opinions: 0
	Total of opinion triples generated: 0
	Total of sentences in the tag file 20
	Total of sentences with annotated opinions 0
Processing  2014-01-23_www.lexpress.fr_ec76f19acc9891b2a4ad71d9071bc09348de8ae7
	Total of opinions with different scope in the tag file: 10
	Total of skipped opinions: 0
	Total of opinion triples generated: 8
	Total of sentences in the tag file 123
	Total of sentences with annotated opinions 8
Processing  2013-05-09_www.dna.fr_4cfd29a9fca026d088710a542b37709460158788
	Total of opinions with different scope in the tag file: 3
	Total of skipped opinions: 0
	Total of opinion triples generated: 2
	Total of sentences in the tag file 17
	Total of sentences with annotated opinions 1
Processing  2013-04-29_lexpansion.lexpress.fr_54ea41c42ee420fcfd7be4fe15832f2c747ed3a5
	Total of opinions with different scope in the tag file: 2
	Total of skipped opinions: 0
	Total of opinion triples generated: 1
	Total of sentences in the tag file 26
	Total of sentences with annotated opinions 1
Processing  2013-07-08_www.europe1.fr_49e707a1be7dd6212e126259f2ec923c61affeb1
	Total of opinions with different scope in the tag file: 3
	Total of skipped opinions: 0
	Total of opinion triples generated: 1
	Total of sentences in the tag file 35
	Total of sentences with annotated opinions 1
Processing  2013-06-30_www.lejdd.fr_e936a551660d5a8b7e29c9227fb3eaf0198e2d81
	Total of opinions with different scope in the tag file: 3
	Total of skipped opinions: 0
	Total of opinion triples generated: 3
	Total of sentences in the tag file 45
	Total of sentences with annotated opinions 2
Processing  2013-05-19_www.lejdd.fr_7d7f2eb5e5e8c1c7146b6ca0696441ecad7e7ed1
	Total of opinions with different scope in the tag file: 1
	Total of skipped opinions: 0
	Total of opinion triples generated: 1
	Total of sentences in the tag file 14
	Total of sentences with annotated opinions 1
Processing  2013-09-23_www.tdg.ch_f4927dad70345a8c580406b4d694f546f9d5191f
	Discarded  	/home/izquierdo/data/opinion_annotations_fr/tag/news/2013-09-23_www.tdg.ch_f4927dad70345a8c580406b4d694f546f9d5191f.tag opinion id:12

	Total of opinions with different scope in the tag file: 4
	Total of skipped opinions: 1
	Total of opinion triples generated: 3
	Total of sentences in the tag file 45
	Total of sentences with annotated opinions 3
Processing  2013-09-21_www.lematin.ch_518ca37c48d577f2b2f037e753719c6cd4f5cdc5
	Total of opinions with different scope in the tag file: 2
	Total of skipped opinions: 0
	Total of opinion triples generated: 2
	Total of sentences in the tag file 45
	Total of sentences with annotated opinions 2
Processing  2013-05-22_www.leparisien.fr_2799e33fdfb4f4e04e18a0f40b8d90125903a7cb
	Total of opinions with different scope in the tag file: 3
	Total of skipped opinions: 0
	Total of opinion triples generated: 3
	Total of sentences in the tag file 31
	Total of sentences with annotated opinions 3
Processing  2013-05-30_www.leparisien.fr_520b5af181cd110bc6e4764765812385d9c67794
	Total of opinions with different scope in the tag file: 2
	Total of skipped opinions: 0
	Total of opinion triples generated: 2
	Total of sentences in the tag file 27
	Total of sentences with annotated opinions 2
Processing  2013-04-18_www.leparisien.fr_635a0e27f6bda9ea28d7da27ebd2882ffd7eb714
	Total of opinions with different scope in the tag file: 1
	Total of skipped opinions: 0
	Total of opinion triples generated: 1
	Total of sentences in the tag file 12
	Total of sentences with annotated opinions 1
Processing  2013-06-17_lexpansion.lexpress.fr_be2ae41d8778a5d82f433596cc9092b6158761bf
	Total of opinions with different scope in the tag file: 0
	Total of skipped opinions: 0
	Total of opinion triples generated: 0
	Total of sentences in the tag file 37
	Total of sentences with annotated opinions 0
Processing  2013-06-28_www.europe1.fr_554c9f1f6467437aa9e10d593efd645b167cc7f8
	Total of opinions with different scope in the tag file: 2
	Total of skipped opinions: 0
	Total of opinion triples generated: 0
	Total of sentences in the tag file 25
	Total of sentences with annotated opinions 0
Processing  2013-10-29_fr.euronews.com_03e571b88b80b51881ee823d01ad503a5fe543eb
	Total of opinions with different scope in the tag file: 1
	Total of skipped opinions: 0
	Total of opinion triples generated: 1
	Total of sentences in the tag file 13
	Total of sentences with annotated opinions 1
Processing  2013-09-22_tempsreel.nouvelobs.com_a842dcac833a1d8074b3276ee3c7bccd95431e04
	Total of opinions with different scope in the tag file: 0
	Total of skipped opinions: 0
	Total of opinion triples generated: 0
	Total of sentences in the tag file 42
	Total of sentences with annotated opinions 0
Processing  2013-06-26_www.leparisien.fr_fec6587e6adeec2342d0c5760798e54bba968fbf
	Total of opinions with different scope in the tag file: 2
	Total of skipped opinions: 0
	Total of opinion triples generated: 2
	Total of sentences in the tag file 22
	Total of sentences with annotated opinions 2
Processing  2013-03-14_tempsreel.nouvelobs.com_9845df85c9665ed83ae1d2e7648caf1697bb2508
	Total of opinions with different scope in the tag file: 0
	Total of skipped opinions: 0
	Total of opinion triples generated: 0
	Total of sentences in the tag file 24
	Total of sentences with annotated opinions 0
Processing  2013-08-20_www.europe1.fr_6fd5ca72cd943fd0b468c8659a9e2e3e9edbfe17
	Total of opinions with different scope in the tag file: 1
	Total of skipped opinions: 0
	Total of opinion triples generated: 1
	Total of sentences in the tag file 34
	Total of sentences with annotated opinions 1
Processing  2013-05-30_www.lematin.ch_e33e4eb01ff843990d6286edcfea8537afa05381
	Total of opinions with different scope in the tag file: 1
	Total of skipped opinions: 0
	Total of opinion triples generated: 1
	Total of sentences in the tag file 36
	Total of sentences with annotated opinions 1
Processing  2013-06-17_www.europe1.fr_8a5f95a58d996598fafa11a17daf81ab753fc983
	Total of opinions with different scope in the tag file: 2
	Total of skipped opinions: 0
	Total of opinion triples generated: 1
	Total of sentences in the tag file 25
	Total of sentences with annotated opinions 1
Processing  2013-04-10_lexpansion.lexpress.fr_2d0d84977450249abef5d3e355acd790a01a99b8
	Total of opinions with different scope in the tag file: 1
	Total of skipped opinions: 0
	Total of opinion triples generated: 1
	Total of sentences in the tag file 28
	Total of sentences with annotated opinions 1
Processing  2013-07-04_lecourrier.vnagency.com.vn_65f3eacb94583a124d449db132fafee1b9daff4a
	Total of opinions with different scope in the tag file: 1
	Total of skipped opinions: 0
	Total of opinion triples generated: 1
	Total of sentences in the tag file 13
	Total of sentences with annotated opinions 1
Processing  2013-11-01_www.lematin.ch_3761bdc093f271f2c59626a4102fdb0d3d406439
	Total of opinions with different scope in the tag file: 2
	Total of skipped opinions: 0
	Total of opinion triples generated: 2
	Total of sentences in the tag file 39
	Total of sentences with annotated opinions 1
Processing  2013-04-08_www.rtl.fr_b6e16b7dd4923a0719c05960489d435ef6c6d032
	Total of opinions with different scope in the tag file: 2
	Total of skipped opinions: 0
	Total of opinion triples generated: 2
	Total of sentences in the tag file 32
	Total of sentences with annotated opinions 2
Processing  2013-04-27_www.lejdd.fr_0346050f1b625a00467474bea772623e97450389
	Discarded  	/home/izquierdo/data/opinion_annotations_fr/tag/news/2013-04-27_www.lejdd.fr_0346050f1b625a00467474bea772623e97450389.tag opinion id:3

	Total of opinions with different scope in the tag file: 7
	Total of skipped opinions: 1
	Total of opinion triples generated: 5
	Total of sentences in the tag file 86
	Total of sentences with annotated opinions 5
Processing  2013-02-27_lci.tf1.fr_96f959d16f651b39c2b2e1083e327d5921636c99
	Discarded  	/home/izquierdo/data/opinion_annotations_fr/tag/news/2013-02-27_lci.tf1.fr_96f959d16f651b39c2b2e1083e327d5921636c99.tag opinion id:1

	Total of opinions with different scope in the tag file: 1
	Total of skipped opinions: 1
	Total of opinion triples generated: 0
	Total of sentences in the tag file 16
	Total of sentences with annotated opinions 0
Processing  2013-07-04_www.lexpress.fr_f07b169560ed515847bd8a8422c8c34efd098d95
	Total of opinions with different scope in the tag file: 0
	Total of skipped opinions: 0
	Total of opinion triples generated: 0
	Total of sentences in the tag file 14
	Total of sentences with annotated opinions 0
Processing  2013-05-08_www.24heures.ch_8de922ae129ac8b61285d2cf9206453595c91b81
	Total of opinions with different scope in the tag file: 2
	Total of skipped opinions: 0
	Total of opinion triples generated: 1
	Total of sentences in the tag file 19
	Total of sentences with annotated opinions 1
Processing  2013-03-02_www.lapresse.tn_044236d7451048d05faaa05281e184b0e9a90968
	Total of opinions with different scope in the tag file: 1
	Total of skipped opinions: 0
	Total of opinion triples generated: 1
	Total of sentences in the tag file 30
	Total of sentences with annotated opinions 1
Processing  2013-02-25_www.leparisien.fr_9ff907dae804827663edbe6a374fadcea9aa7a1f
	Total of opinions with different scope in the tag file: 1
	Total of skipped opinions: 0
	Total of opinion triples generated: 1
	Total of sentences in the tag file 22
	Total of sentences with annotated opinions 1
Processing  2013-07-03_www.rtbf.be_f2efd2918bbdead4c74f8a0596f0d02603cd1f6e
	Total of opinions with different scope in the tag file: 2
	Total of skipped opinions: 0
	Total of opinion triples generated: 2
	Total of sentences in the tag file 25
	Total of sentences with annotated opinions 2
Processing  2013-06-19_www.ouest-france.fr_974f92c0d255bd5ee4b05dd0f6753b3e5b8a4c94
	Total of opinions with different scope in the tag file: 1
	Total of skipped opinions: 0
	Total of opinion triples generated: 1
	Total of sentences in the tag file 24
	Total of sentences with annotated opinions 1
Processing  2013-05-27_www.rtbf.be_b47c2913f2dc575d4949a3b0c38ce38a087fd9af
	Total of opinions with different scope in the tag file: 0
	Total of skipped opinions: 0
	Total of opinion triples generated: 0
	Total of sentences in the tag file 18
	Total of sentences with annotated opinions 0
Processing  2013-10-25_fr.euronews.com_3a920cdac97abfef7b33128a983f7b0b5b6b13a6
	Total of opinions with different scope in the tag file: 4
	Total of skipped opinions: 0
	Total of opinion triples generated: 3
	Total of sentences in the tag file 14
	Total of sentences with annotated opinions 1
Processing  2013-04-25_www.lemonde.fr_750a6ea864c97c4906348303b2e43014f33225c2
	Discarded  	/home/izquierdo/data/opinion_annotations_fr/tag/news/2013-04-25_www.lemonde.fr_750a6ea864c97c4906348303b2e43014f33225c2.tag opinion id:15

	Total of opinions with different scope in the tag file: 4
	Total of skipped opinions: 1
	Total of opinion triples generated: 3
	Total of sentences in the tag file 49
	Total of sentences with annotated opinions 3
Processing  2013-02-09_www.liberation.fr_23fb8644984960214456b61172a789500f9bd889
	Total of opinions with different scope in the tag file: 4
	Total of skipped opinions: 0
	Total of opinion triples generated: 4
	Total of sentences in the tag file 66
	Total of sentences with annotated opinions 4
Processing  2013-11-21_www.lejdd.fr_1a3a6272ba689068a4c6e57369f43fed79040d5c
	Total of opinions with different scope in the tag file: 3
	Total of skipped opinions: 0
	Total of opinion triples generated: 3
	Total of sentences in the tag file 21
	Total of sentences with annotated opinions 2
Processing  2013-09-27_www.lematin.ch_d0df53c890d99be811dab4cbe932988deacbd57a
	Total of opinions with different scope in the tag file: 1
	Total of skipped opinions: 0
	Total of opinion triples generated: 1
	Total of sentences in the tag file 38
	Total of sentences with annotated opinions 1
Processing  2013-08-30_www.ouest-france.fr_801b5bfb44bf08348e2b5d64062f2809dcb633ba
	Total of opinions with different scope in the tag file: 1
	Total of skipped opinions: 0
	Total of opinion triples generated: 1
	Total of sentences in the tag file 15
	Total of sentences with annotated opinions 1
Processing  2013-02-25_lci.tf1.fr_cca56189c2dc536eee1eb3742123687229be6a08
	Total of opinions with different scope in the tag file: 1
	Total of skipped opinions: 0
	Total of opinion triples generated: 1
	Total of sentences in the tag file 24
	Total of sentences with annotated opinions 1
Processing  2013-02-27_allemagne.blog.lemonde.fr_48877c555c811dec3a3683bf7b82d2c8aad75c60
	Total of opinions with different scope in the tag file: 2
	Total of skipped opinions: 0
	Total of opinion triples generated: 2
	Total of sentences in the tag file 63
	Total of sentences with annotated opinions 1
Processing  2013-09-23_lexpansion.lexpress.fr_6e0f4e5d1222fc3a50ebdde0215eeae509e1b3a2
	Total of opinions with different scope in the tag file: 0
	Total of skipped opinions: 0
	Total of opinion triples generated: 0
	Total of sentences in the tag file 51
	Total of sentences with annotated opinions 0
Processing  2013-11-12_lexpansion.lexpress.fr_0ac5fba95fbecaeda3014c840d673be2cf6f7225
	Total of opinions with different scope in the tag file: 0
	Total of skipped opinions: 0
	Total of opinion triples generated: 0
	Total of sentences in the tag file 40
	Total of sentences with annotated opinions 0
Processing  2014-02-09_www.lemonde.fr_26e1bb2bdce26d8f1182ae90b75d2633861c99ab
	Total of opinions with different scope in the tag file: 2
	Total of skipped opinions: 0
	Total of opinion triples generated: 2
	Total of sentences in the tag file 24
	Total of sentences with annotated opinions 2
Processing  2013-10-29_www.lapresse.ca_dcf6e869abe9f123b933502bcd4b045094045bab
	Total of opinions with different scope in the tag file: 2
	Total of skipped opinions: 0
	Total of opinion triples generated: 2
	Total of sentences in the tag file 23
	Total of sentences with annotated opinions 2
Processing  2013-09-22_lci.tf1.fr_6657fe3c4aad8c65e7fa9e5979fb7f0f3f1c8819
	Total of opinions with different scope in the tag file: 2
	Total of skipped opinions: 0
	Total of opinion triples generated: 2
	Total of sentences in the tag file 51
	Total of sentences with annotated opinions 1
Processing  2013-08-31_www.liberte-algerie.com_0fd59562537cda0e796d2ce9a45aa9fc15fb1121
	Total of opinions with different scope in the tag file: 2
	Total of skipped opinions: 0
	Total of opinion triples generated: 2
	Total of sentences in the tag file 36
	Total of sentences with annotated opinions 2
Processing  2013-10-27_www.rtl.fr_39bacb0b843fb39299be74de315ed75d64e050bc
	Total of opinions with different scope in the tag file: 2
	Total of skipped opinions: 0
	Total of opinion triples generated: 2
	Total of sentences in the tag file 35
	Total of sentences with annotated opinions 2
Processing  2013-03-06_www.liberation.fr_5e8a3c37419f438b85cee93efc15e27f1e38413b
	Total of opinions with different scope in the tag file: 0
	Total of skipped opinions: 0
	Total of opinion triples generated: 0
	Total of sentences in the tag file 27
	Total of sentences with annotated opinions 0
Processing  2013-05-17_www.latribune.fr_21d077e38ef0538dc0895f941ab1a7ba7aed54db
	Total of opinions with different scope in the tag file: 3
	Total of skipped opinions: 0
	Total of opinion triples generated: 3
	Total of sentences in the tag file 144
	Total of sentences with annotated opinions 3
Processing  2013-10-24_www.lapresse.ca_65e7c548a1c1e151ab8368b9b9da02086d0c554e
	Total of opinions with different scope in the tag file: 3
	Total of skipped opinions: 0
	Total of opinion triples generated: 3
	Total of sentences in the tag file 41
	Total of sentences with annotated opinions 3
Processing  2013-05-01_www.rtl.fr_dab8bc9f09278e4d9fd749d3a9c1438b4d152b9e
	Total of opinions with different scope in the tag file: 2
	Total of skipped opinions: 0
	Total of opinion triples generated: 2
	Total of sentences in the tag file 21
	Total of sentences with annotated opinions 2
Processing  2013-04-16_www.cafebabel.fr_b008cf7d250ca2c4d259382cd8ece24e2f93d4e4
	Total of opinions with different scope in the tag file: 2
	Total of skipped opinions: 0
	Total of opinion triples generated: 1
	Total of sentences in the tag file 38
	Total of sentences with annotated opinions 1
Processing  2013-04-14_www.rtbf.be_533690fe624e77412c1941d8af2a0354c0b0fae0
	Total of opinions with different scope in the tag file: 2
	Total of skipped opinions: 0
	Total of opinion triples generated: 2
	Total of sentences in the tag file 23
	Total of sentences with annotated opinions 2
Processing  2013-02-09_www.bienpublic.com_25b6c529911c4db8034295602e6ac8a241e7c027
	Total of opinions with different scope in the tag file: 2
	Total of skipped opinions: 0
	Total of opinion triples generated: 2
	Total of sentences in the tag file 19
	Total of sentences with annotated opinions 2
Processing  2013-04-30_www.lesechos.fr_5c3c8dfc9c68a7703d0418cdbc7cef9aa704dd8e
	Total of opinions with different scope in the tag file: 0
	Total of skipped opinions: 0
	Total of opinion triples generated: 0
	Total of sentences in the tag file 58
	Total of sentences with annotated opinions 0
Processing  2013-04-30_www.rtl.fr_a379ee27f5cda8a33c5cec8d8b5a4a5a57d68bd1
	Total of opinions with different scope in the tag file: 1
	Total of skipped opinions: 0
	Total of opinion triples generated: 1
	Total of sentences in the tag file 18
	Total of sentences with annotated opinions 1
Processing  2013-05-01_lci.tf1.fr_6f0b06ad5cb53a4486af293ba6f324d27454488a
	Total of opinions with different scope in the tag file: 1
	Total of skipped opinions: 0
	Total of opinion triples generated: 2
	Total of sentences in the tag file 28
	Total of sentences with annotated opinions 1
Processing  2013-04-28_www.lejdd.fr_6c107635a14f6be3f87a9357a3146599ac61ea5e
	Total of opinions with different scope in the tag file: 1
	Total of skipped opinions: 0
	Total of opinion triples generated: 1
	Total of sentences in the tag file 16
	Total of sentences with annotated opinions 1
Processing  2013-08-30_www.lapresse.ca_a98fdf646544681c07985da30084df8335896acf
	Total of opinions with different scope in the tag file: 4
	Total of skipped opinions: 0
	Total of opinion triples generated: 3
	Total of sentences in the tag file 51
	Total of sentences with annotated opinions 2
Processing  2013-04-25_www.lepoint.fr_1c81360127de3d7120f30ceb790bb78c781b6b98
	Total of opinions with different scope in the tag file: 0
	Total of skipped opinions: 0
	Total of opinion triples generated: 0
	Total of sentences in the tag file 28
	Total of sentences with annotated opinions 0
Processing  2013-10-23_www.tdg.ch_430ca881e4542f478d6eacf26e76d1215067291a
	Total of opinions with different scope in the tag file: 1
	Total of skipped opinions: 0
	Total of opinion triples generated: 1
	Total of sentences in the tag file 41
	Total of sentences with annotated opinions 1
Processing  2013-03-26_lexpansion.lexpress.fr_b3f48ba5160854074ee187f5e7e16c8228efb1e9
	Total of opinions with different scope in the tag file: 1
	Total of skipped opinions: 0
	Total of opinion triples generated: 1
	Total of sentences in the tag file 33
	Total of sentences with annotated opinions 1
Processing  2013-09-23_www.lapresse.ca_15ada89b82520eef0e036e7a875fecc139dd2f7e
	Total of opinions with different scope in the tag file: 3
	Total of skipped opinions: 0
	Total of opinion triples generated: 3
	Total of sentences in the tag file 38
	Total of sentences with annotated opinions 3
Processing  2013-11-12_lci.tf1.fr_b4127da6c5193d20bdf6ac583fc4f298ad1da709
	Total of opinions with different scope in the tag file: 1
	Total of skipped opinions: 0
	Total of opinion triples generated: 1
	Total of sentences in the tag file 14
	Total of sentences with annotated opinions 1
Processing  2013-10-16_allemagne.blog.lemonde.fr_810999be66fd2773ae285dd4b4c7414b3ca3a433
	Total of opinions with different scope in the tag file: 0
	Total of skipped opinions: 0
	Total of opinion triples generated: 0
	Total of sentences in the tag file 107
	Total of sentences with annotated opinions 0
Processing  2013-04-08_www.nicematin.com_503a2c8481ae74ec31e9bcf366c4365e8ae91626
	Total of opinions with different scope in the tag file: 3
	Total of skipped opinions: 0
	Total of opinion triples generated: 4
	Total of sentences in the tag file 34
	Total of sentences with annotated opinions 3
Processing  2013-06-29_www.leparisien.fr_0427debd0a46a4da12b4f3d9898bda8401014d00
	Total of opinions with different scope in the tag file: 1
	Total of skipped opinions: 0
	Total of opinion triples generated: 1
	Total of sentences in the tag file 15
	Total of sentences with annotated opinions 1
Processing  2013-04-09_www.paris-normandie.fr_33428d128578753b95fb110c49dc6ba163a87b83
	Total of opinions with different scope in the tag file: 3
	Total of skipped opinions: 0
	Total of opinion triples generated: 3
	Total of sentences in the tag file 33
	Total of sentences with annotated opinions 3
Processing  2013-04-17_www.lesechos.fr_0df8340848803022d0d50406d9c011715b47b7af
	Discarded  	/home/izquierdo/data/opinion_annotations_fr/tag/news/2013-04-17_www.lesechos.fr_0df8340848803022d0d50406d9c011715b47b7af.tag opinion id:7

	Total of opinions with different scope in the tag file: 4
	Total of skipped opinions: 1
	Total of opinion triples generated: 3
	Total of sentences in the tag file 58
	Total of sentences with annotated opinions 3
Processing  2013-03-18_www.leparisien.fr_f68faeb7f34d8771a805c6835cf5b0db5fa33ff8
	Total of opinions with different scope in the tag file: 0
	Total of skipped opinions: 0
	Total of opinion triples generated: 0
	Total of sentences in the tag file 45
	Total of sentences with annotated opinions 0
Processing  2013-03-28_www.europe1.fr_dd187ca0fa963a8433f2a2c81d43486ee5c01a34
	Total of opinions with different scope in the tag file: 1
	Total of skipped opinions: 0
	Total of opinion triples generated: 1
	Total of sentences in the tag file 15
	Total of sentences with annotated opinions 1
Processing  2013-12-17_www.lapresse.ca_95ae99bccfef088a40dde24ec6fbf01c261d8c00
	Total of opinions with different scope in the tag file: 3
	Total of skipped opinions: 0
	Total of opinion triples generated: 2
	Total of sentences in the tag file 35
	Total of sentences with annotated opinions 2
Processing  2013-09-07_tempsreel.nouvelobs.com_87141de89e9415f160f63c937608e7f64d315df1
	Total of opinions with different scope in the tag file: 0
	Total of skipped opinions: 0
	Total of opinion triples generated: 0
	Total of sentences in the tag file 14
	Total of sentences with annotated opinions 0
Processing  2014-02-07_www.lyonne.fr_ffcb02dc557e4520c9bb35bc857641f442a966a8
	Discarded  	/home/izquierdo/data/opinion_annotations_fr/tag/news/2014-02-07_www.lyonne.fr_ffcb02dc557e4520c9bb35bc857641f442a966a8.tag opinion id:11

	Total of opinions with different scope in the tag file: 3
	Total of skipped opinions: 1
	Total of opinion triples generated: 2
	Total of sentences in the tag file 35
	Total of sentences with annotated opinions 2
Processing  2013-06-23_www.leparisien.fr_57b1757f3ebd96824b293b561922f3fa99bffc83
	Total of opinions with different scope in the tag file: 3
	Total of skipped opinions: 0
	Total of opinion triples generated: 3
	Total of sentences in the tag file 32
	Total of sentences with annotated opinions 3
Processing  2013-06-26_www.leparisien.fr_4a6e270d7550575e5961b70f4d4e6f8f635b5e2b
	Total of opinions with different scope in the tag file: 2
	Total of skipped opinions: 0
	Total of opinion triples generated: 2
	Total of sentences in the tag file 29
	Total of sentences with annotated opinions 2
Processing  2013-09-20_fr.euronews.com_8ff1ca8f9aab778b36376964a512b447af4a6c39
	Total of opinions with different scope in the tag file: 0
	Total of skipped opinions: 0
	Total of opinion triples generated: 0
	Total of sentences in the tag file 21
	Total of sentences with annotated opinions 0
Processing  2013-08-27_www.europe1.fr_a8f81dd316e46bdc005d93d01de68da69dfbfb7f
	Total of opinions with different scope in the tag file: 3
	Total of skipped opinions: 0
	Total of opinion triples generated: 0
	Total of sentences in the tag file 12
	Total of sentences with annotated opinions 0
Processing  2013-02-07_www.lepoint.fr_7a2552c5bca5447ec0ef19c04cde04a104519720
	Discarded  	/home/izquierdo/data/opinion_annotations_fr/tag/news/2013-02-07_www.lepoint.fr_7a2552c5bca5447ec0ef19c04cde04a104519720.tag opinion id:8

	Discarded  	/home/izquierdo/data/opinion_annotations_fr/tag/news/2013-02-07_www.lepoint.fr_7a2552c5bca5447ec0ef19c04cde04a104519720.tag opinion id:4

	Total of opinions with different scope in the tag file: 2
	Total of skipped opinions: 2
	Total of opinion triples generated: 0
	Total of sentences in the tag file 34
	Total of sentences with annotated opinions 0
Processing  2013-05-10_www.rtbf.be_6928c27a03bf0e37627dfc121bbba77b7ece48fa
	Total of opinions with different scope in the tag file: 1
	Total of skipped opinions: 0
	Total of opinion triples generated: 1
	Total of sentences in the tag file 24
	Total of sentences with annotated opinions 1
Processing  2013-04-28_www.europe1.fr_215d63d8c86461bc6296262243d678f410547763
	Discarded  	/home/izquierdo/data/opinion_annotations_fr/tag/news/2013-04-28_www.europe1.fr_215d63d8c86461bc6296262243d678f410547763.tag opinion id:12

	Total of opinions with different scope in the tag file: 4
	Total of skipped opinions: 1
	Total of opinion triples generated: 2
	Total of sentences in the tag file 27
	Total of sentences with annotated opinions 1
Processing  2013-04-08_lci.tf1.fr_212883467e85ef4cc3a5b29f424afbf9bf426b38
	Total of opinions with different scope in the tag file: 1
	Total of skipped opinions: 0
	Total of opinion triples generated: 1
	Total of sentences in the tag file 49
	Total of sentences with annotated opinions 1
Processing  2014-02-10_www.liberation.fr_6e5ae21a3a673acdaaa6a1b62d5b4e293d89e565
	Total of opinions with different scope in the tag file: 3
	Total of skipped opinions: 0
	Total of opinion triples generated: 3
	Total of sentences in the tag file 23
	Total of sentences with annotated opinions 2
Processing  2013-09-01_www.24heures.ch_ea221f19961575deed735c95fbbd75b26ec9aa0a
	Total of opinions with different scope in the tag file: 2
	Total of skipped opinions: 0
	Total of opinion triples generated: 2
	Total of sentences in the tag file 37
	Total of sentences with annotated opinions 1
Processing  2013-12-19_www.bienpublic.com_39b7155633d507ceccaf5a1d8c82626e7afd156c
	Total of opinions with different scope in the tag file: 1
	Total of skipped opinions: 0
	Total of opinion triples generated: 1
	Total of sentences in the tag file 18
	Total of sentences with annotated opinions 1
Processing  2013-09-21_lci.tf1.fr_fd8e7a488d8b9a29016f5789089c8c1a1ac999bd
	Total of opinions with different scope in the tag file: 1
	Total of skipped opinions: 0
	Total of opinion triples generated: 1
	Total of sentences in the tag file 24
	Total of sentences with annotated opinions 1
Processing  2013-03-18_www.liberation.fr_5a4128322df5dd9502d273548be0b3bdb0bbb4ab
	Total of opinions with different scope in the tag file: 1
	Total of skipped opinions: 0
	Total of opinion triples generated: 1
	Total of sentences in the tag file 49
	Total of sentences with annotated opinions 1
Processing  2013-07-07_www.midilibre.fr_c328b86ce8e0e87b340b99b5271db93c660b8cae
	Total of opinions with different scope in the tag file: 0
	Total of skipped opinions: 0
	Total of opinion triples generated: 0
	Total of sentences in the tag file 36
	Total of sentences with annotated opinions 0
Processing  2013-05-29_www.letelegramme.fr_93088bd299b4d70d5a7fa00690f4789f1d48d2fe
	Total of opinions with different scope in the tag file: 0
	Total of skipped opinions: 0
	Total of opinion triples generated: 0
	Total of sentences in the tag file 18
	Total of sentences with annotated opinions 0
Processing  2013-08-26_www.europe1.fr_fbadbddd1cfc95660378bcba6e62f876d23c5376
	Total of opinions with different scope in the tag file: 1
	Total of skipped opinions: 0
	Total of opinion triples generated: 0
	Total of sentences in the tag file 11
	Total of sentences with annotated opinions 0
Processing  2013-02-07_www.rtbf.be_eadf88766748c2b9a7b0ed49a5c9e4c43625fdbb
	Total of opinions with different scope in the tag file: 2
	Total of skipped opinions: 0
	Total of opinion triples generated: 0
	Total of sentences in the tag file 39
	Total of sentences with annotated opinions 0
Processing  2013-08-30_www.lapresse.ca_cdc752bf43abe9025240635966947627b7388515
	Total of opinions with different scope in the tag file: 2
	Total of skipped opinions: 0
	Total of opinion triples generated: 0
	Total of sentences in the tag file 51
	Total of sentences with annotated opinions 0
Processing  2014-02-07_www.lematin.ch_67a1242b37ff8502eb882798aa567117c90473d0
	Total of opinions with different scope in the tag file: 2
	Total of skipped opinions: 0
	Total of opinion triples generated: 2
	Total of sentences in the tag file 19
	Total of sentences with annotated opinions 2
Processing  2013-04-26_www.leparisien.fr_b8a51a958d622541d8fedc7224a6c4a3f810f776
	Discarded  	/home/izquierdo/data/opinion_annotations_fr/tag/news/2013-04-26_www.leparisien.fr_b8a51a958d622541d8fedc7224a6c4a3f810f776.tag opinion id:4

	Total of opinions with different scope in the tag file: 1
	Total of skipped opinions: 1
	Total of opinion triples generated: 0
	Total of sentences in the tag file 14
	Total of sentences with annotated opinions 0
Processing  2013-11-13_www.tdg.ch_ebf444e49a4580bd2d2caf45b48ea1af8c697d17
	Total of opinions with different scope in the tag file: 3
	Total of skipped opinions: 0
	Total of opinion triples generated: 3
	Total of sentences in the tag file 31
	Total of sentences with annotated opinions 3
Processing  2013-03-18_www.levif.be_bc7027be146b03c6055c098bb5022666859d43ee
	Total of opinions with different scope in the tag file: 0
	Total of skipped opinions: 0
	Total of opinion triples generated: 0
	Total of sentences in the tag file 34
	Total of sentences with annotated opinions 0
Processing  2013-02-07_www.bienpublic.com_54a247eeda3569358815c11611ab643c2b69c5d3
	Total of opinions with different scope in the tag file: 0
	Total of skipped opinions: 0
	Total of opinion triples generated: 0
	Total of sentences in the tag file 18
	Total of sentences with annotated opinions 0

#########################
Total KAF files  244
Total TAG files  244
Total sentences in all TAG files 8440
Total sentences in all TAG files with annotated opinions 309
% of sentences with opinions:  3.66
Opinion density (avg number of opinions per sentence)
  Considering ALL sentences: 0.05
  Considering ANNOTATED sentences: 1.40
Total opinions-scope in tag 434
Total skipped opinions 26
Total generated triples 339
#########################

